Admin Android Application/build/intermediates/manifest_merge_blame_file/debug/manifest-merger-blame-debug-report.txt
1<?xml version="1.0" encoding="utf-8"?>
2<manifest xmlns:android="http://schemas.android.com/apk/res/android"
3    package="com.amazonaws.demo.s3transferutility"
4    android:versionCode="1"
5    android:versionName="1.0.0" >
6
7    <uses-sdk
8        android:minSdkVersion="18"
8-->Desktop\S3TransferUtilitySample Latest\AndroidManifest.xml
9        android:targetSdkVersion="29" />
9-->Desktop\S3TransferUtilitySample Latest\AndroidManifest.xml
10
11    <uses-permission android:name="android.permission.INTERNET" />
11-->Desktop\S3TransferUtilitySample Latest\AndroidManifest.xml:5:5-67
11-->Desktop\S3TransferUtilitySample Latest\AndroidManifest.xml:5:22-64
12    <uses-permission android:name="android.permission.ACCESS_NETWORK_STATE" />
12-->Desktop\S3TransferUtilitySample Latest\AndroidManifest.xml:6:5-79
12-->Desktop\S3TransferUtilitySample Latest\AndroidManifest.xml:6:22-76
13    <uses-permission android:name="android.permission.FOREGROUND_SERVICE" />
13-->Desktop\S3TransferUtilitySample Latest\AndroidManifest.xml:7:5-77
13-->Desktop\S3TransferUtilitySample Latest\AndroidManifest.xml:7:22-74
14    <uses-permission android:name="android.permission.WRITE_EXTERNAL_STORAGE" />
15    <uses-permission android:name="android.permission.READ_PHONE_STATE" />
16    <uses-permission android:name="android.permission.READ_EXTERNAL_STORAGE" />
17    <uses-permission android:name="android.permission.WAKE_LOCK" />
17-->[com.google.android.gms:play-services-measurement-api:18.0.2] AndroidManifest.xml:24:5-68
17-->[com.google.android.gms:play-services-measurement-api:18.0.2] AndroidManifest.xml:24:22-65
18    <uses-permission android:name="com.google.android.finsky.permission.BIND_GET_INSTALL_REFERRER_SERVICE" />
18-->[com.google.android.gms:play-services-measurement:18.0.2] AndroidManifest.xml:26:5-110
18-->[com.google.android.gms:play-services-measurement:18.0.2] AndroidManifest.xml:26:22-107
19
20    <application
20-->Desktop\S3TransferUtilitySample Latest\AndroidManifest.xml:9:5-39:19
21        android:name="com.amazonaws.demo.s3transferutility.MyApplication"
21-->Desktop\S3TransferUtilitySample Latest\AndroidManifest.xml:10:9-38
22        android:allowBackup="true"
22-->Desktop\S3TransferUtilitySample Latest\AndroidManifest.xml:11:9-35
23        android:appComponentFactory="androidx.core.app.CoreComponentFactory"
23-->[androidx.core:core:1.0.0] AndroidManifest.xml:22:18-86
24        android:debuggable="true"
25        android:icon="@drawable/ic_launcher"
25-->Desktop\S3TransferUtilitySample Latest\AndroidManifest.xml:13:9-45
26        android:label="@string/app_name"
26-->Desktop\S3TransferUtilitySample Latest\AndroidManifest.xml:14:9-41
27        android:testOnly="true"
28        android:theme="@style/Theme.Design.Light.NoActionBar" >
28-->Desktop\S3TransferUtilitySample Latest\AndroidManifest.xml:12:9-62
29        <activity android:name="com.amazonaws.demo.s3transferutility.Upload_Data" />
29-->Desktop\S3TransferUtilitySample Latest\AndroidManifest.xml:15:9-58
29-->Desktop\S3TransferUtilitySample Latest\AndroidManifest.xml:15:19-46
30        <activity android:name="com.amazonaws.demo.s3transferutility.MainActivity" >
30-->Desktop\S3TransferUtilitySample Latest\AndroidManifest.xml:16:9-22:20
30-->Desktop\S3TransferUtilitySample Latest\AndroidManifest.xml:16:19-47
31            <intent-filter>
31-->Desktop\S3TransferUtilitySample Latest\AndroidManifest.xml:17:13-21:29
32                <action android:name="android.intent.action.MAIN" />
32-->Desktop\S3TransferUtilitySample Latest\AndroidManifest.xml:18:17-69
32-->Desktop\S3TransferUtilitySample Latest\AndroidManifest.xml:18:25-66
33
34                <category android:name="android.intent.category.LAUNCHER" />
34-->Desktop\S3TransferUtilitySample Latest\AndroidManifest.xml:20:17-77
34-->Desktop\S3TransferUtilitySample Latest\AndroidManifest.xml:20:27-74
35            </intent-filter>
36        </activity>
37        <activity
37-->Desktop\S3TransferUtilitySample Latest\AndroidManifest.xml:23:9-25:57
38            android:name="com.amazonaws.demo.s3transferutility.DownloadActivity"
38-->Desktop\S3TransferUtilitySample Latest\AndroidManifest.xml:24:13-45
39            android:label="@string/download_activity" />
39-->Desktop\S3TransferUtilitySample Latest\AndroidManifest.xml:25:13-54
40        <activity
40-->Desktop\S3TransferUtilitySample Latest\AndroidManifest.xml:26:9-28:55
41            android:name="com.amazonaws.demo.s3transferutility.UploadActivity"
41-->Desktop\S3TransferUtilitySample Latest\AndroidManifest.xml:27:13-43
42            android:label="@string/upload_activity" />
42-->Desktop\S3TransferUtilitySample Latest\AndroidManifest.xml:28:13-52
43        <activity
43-->Desktop\S3TransferUtilitySample Latest\AndroidManifest.xml:29:9-31:67
44            android:name="com.amazonaws.demo.s3transferutility.DownloadSelectionActivity"
44-->Desktop\S3TransferUtilitySample Latest\AndroidManifest.xml:30:13-54
45            android:label="@string/download_selection_activity" />
45-->Desktop\S3TransferUtilitySample Latest\AndroidManifest.xml:31:13-64
46
47        <service
47-->Desktop\S3TransferUtilitySample Latest\AndroidManifest.xml:33:9-35:38
48            android:name="com.amazonaws.mobileconnectors.s3.transferutility.TransferService"
48-->Desktop\S3TransferUtilitySample Latest\AndroidManifest.xml:34:13-93
49            android:enabled="true" />
49-->Desktop\S3TransferUtilitySample Latest\AndroidManifest.xml:35:13-35
50        <service
50-->Desktop\S3TransferUtilitySample Latest\AndroidManifest.xml:36:9-38:38
51            android:name="com.amazonaws.demo.s3transferutility.MyService"
51-->Desktop\S3TransferUtilitySample Latest\AndroidManifest.xml:37:13-38
52            android:enabled="true" />
52-->Desktop\S3TransferUtilitySample Latest\AndroidManifest.xml:38:13-35
53        <service
53-->[com.google.firebase:firebase-database:19.6.0] AndroidManifest.xml:29:9-35:19
54            android:name="com.google.firebase.components.ComponentDiscoveryService"
54-->[com.google.firebase:firebase-database:19.6.0] AndroidManifest.xml:30:13-84
55            android:directBootAware="true"
55-->[com.google.firebase:firebase-common:19.5.0] AndroidManifest.xml:35:13-43
56            android:exported="false" >
56-->[com.google.firebase:firebase-database:19.6.0] AndroidManifest.xml:31:13-37
57            <meta-data
57-->[com.google.firebase:firebase-database:19.6.0] AndroidManifest.xml:32:13-34:85
58                android:name="com.google.firebase.components:com.google.firebase.database.DatabaseRegistrar"
58-->[com.google.firebase:firebase-database:19.6.0] AndroidManifest.xml:33:17-109
59                android:value="com.google.firebase.components.ComponentRegistrar" />
59-->[com.google.firebase:firebase-database:19.6.0] AndroidManifest.xml:34:17-82
60            <meta-data
60-->[com.google.firebase:firebase-firestore:22.0.2] AndroidManifest.xml:20:13-22:85
61                android:name="com.google.firebase.components:com.google.firebase.firestore.FirestoreRegistrar"
61-->[com.google.firebase:firebase-firestore:22.0.2] AndroidManifest.xml:21:17-111
62                android:value="com.google.firebase.components.ComponentRegistrar" />
62-->[com.google.firebase:firebase-firestore:22.0.2] AndroidManifest.xml:22:17-82
63            <meta-data
63-->[com.google.android.gms:play-services-measurement-api:18.0.2] AndroidManifest.xml:30:13-32:85
64                android:name="com.google.firebase.components:com.google.firebase.analytics.connector.internal.AnalyticsConnectorRegistrar"
64-->[com.google.android.gms:play-services-measurement-api:18.0.2] AndroidManifest.xml:31:17-139
65                android:value="com.google.firebase.components.ComponentRegistrar" />
65-->[com.google.android.gms:play-services-measurement-api:18.0.2] AndroidManifest.xml:32:17-82
66            <meta-data
66-->[com.google.firebase:firebase-installations:16.3.5] AndroidManifest.xml:18:13-20:85
67                android:name="com.google.firebase.components:com.google.firebase.installations.FirebaseInstallationsRegistrar"
67-->[com.google.firebase:firebase-installations:16.3.5] AndroidManifest.xml:19:17-127
68                android:value="com.google.firebase.components.ComponentRegistrar" />
68-->[com.google.firebase:firebase-installations:16.3.5] AndroidManifest.xml:20:17-82
69            <!--
70                This registrar is not defined in the dynamic-module-support sdk itself to allow non-firebase
71                clients to use it as well, by defining this registrar in their own core/common library.
72            -->
73            <meta-data
73-->[com.google.firebase:firebase-common:19.5.0] AndroidManifest.xml:43:13-45:85
74                android:name="com.google.firebase.components:com.google.firebase.dynamicloading.DynamicLoadingRegistrar"
74-->[com.google.firebase:firebase-common:19.5.0] AndroidManifest.xml:44:17-121
75                android:value="com.google.firebase.components.ComponentRegistrar" />
75-->[com.google.firebase:firebase-common:19.5.0] AndroidManifest.xml:45:17-82
76        </service>
77
78        <provider
78-->[com.google.firebase:firebase-common:19.5.0] AndroidManifest.xml:26:9-31:39
79            android:name="com.google.firebase.provider.FirebaseInitProvider"
79-->[com.google.firebase:firebase-common:19.5.0] AndroidManifest.xml:27:13-77
80            android:authorities="com.amazonaws.demo.s3transferutility.firebaseinitprovider"
80-->[com.google.firebase:firebase-common:19.5.0] AndroidManifest.xml:28:13-72
81            android:directBootAware="true"
81-->[com.google.firebase:firebase-common:19.5.0] AndroidManifest.xml:29:13-43
82            android:exported="false"
82-->[com.google.firebase:firebase-common:19.5.0] AndroidManifest.xml:30:13-37
83            android:initOrder="100" />
83-->[com.google.firebase:firebase-common:19.5.0] AndroidManifest.xml:31:13-36
84
85        <receiver
85-->[com.google.android.gms:play-services-measurement:18.0.2] AndroidManifest.xml:29:9-33:20
86            android:name="com.google.android.gms.measurement.AppMeasurementReceiver"
86-->[com.google.android.gms:play-services-measurement:18.0.2] AndroidManifest.xml:30:13-85
87            android:enabled="true"
87-->[com.google.android.gms:play-services-measurement:18.0.2] AndroidManifest.xml:31:13-35
88            android:exported="false" >
88-->[com.google.android.gms:play-services-measurement:18.0.2] AndroidManifest.xml:32:13-37
89        </receiver>
90
91        <service
91-->[com.google.android.gms:play-services-measurement:18.0.2] AndroidManifest.xml:35:9-38:40
92            android:name="com.google.android.gms.measurement.AppMeasurementService"
92-->[com.google.android.gms:play-services-measurement:18.0.2] AndroidManifest.xml:36:13-84
93            android:enabled="true"
93-->[com.google.android.gms:play-services-measurement:18.0.2] AndroidManifest.xml:37:13-35
94            android:exported="false" />
94-->[com.google.android.gms:play-services-measurement:18.0.2] AndroidManifest.xml:38:13-37
95        <service
95-->[com.google.android.gms:play-services-measurement:18.0.2] AndroidManifest.xml:39:9-43:72
96            android:name="com.google.android.gms.measurement.AppMeasurementJobService"
96-->[com.google.android.gms:play-services-measurement:18.0.2] AndroidManifest.xml:40:13-87
97            android:enabled="true"
97-->[com.google.android.gms:play-services-measurement:18.0.2] AndroidManifest.xml:41:13-35
98            android:exported="false"
98-->[com.google.android.gms:play-services-measurement:18.0.2] AndroidManifest.xml:42:13-37
99            android:permission="android.permission.BIND_JOB_SERVICE" />
99-->[com.google.android.gms:play-services-measurement:18.0.2] AndroidManifest.xml:43:13-69
100
101        <activity
101-->[com.google.android.gms:play-services-base:17.0.0] AndroidManifest.xml:23:9-26:75
102            android:name="com.google.android.gms.common.api.GoogleApiActivity"
102-->[com.google.android.gms:play-services-base:17.0.0] AndroidManifest.xml:24:13-79
103            android:exported="false"
103-->[com.google.android.gms:play-services-base:17.0.0] AndroidManifest.xml:25:13-37
104            android:theme="@android:style/Theme.Translucent.NoTitleBar" />
104-->[com.google.android.gms:play-services-base:17.0.0] AndroidManifest.xml:26:13-72
105
106        <meta-data
106-->[com.google.android.gms:play-services-basement:17.0.0] AndroidManifest.xml:23:9-25:69
107            android:name="com.google.android.gms.version"
107-->[com.google.android.gms:play-services-basement:17.0.0] AndroidManifest.xml:24:13-58
108            android:value="@integer/google_play_services_version" />
108-->[com.google.android.gms:play-services-basement:17.0.0] AndroidManifest.xml:25:13-66
109    </application>
110
111</manifest>